[46720:10952:0227/162016.247:WARNING:chrome_main_delegate.cc(745)] This is Chrome version 128.0.6613.138 (not a warning)
[46720:4024:0227/162016.298:ERROR:google_update_settings.cc(265)] Failed opening key Software\Chromium to set usagestats; result: 5
[46720:10952:0227/162016.322:WARNING:account_consistency_mode_manager.cc(77)] Desktop Identity Consistency cannot be enabled as no OAuth client ID and client secret have been configured.
[5324:25948:0227/162021.403:WARNING:frame_impl.cc(430)] virtual CefFrameImpl::SendProcessMessage sent to detached frame 5-17A9905CCEB2D28D46EBF724D641C08C will be ignored
[46720:10952:0227/162022.401:ERROR:device_event_log_impl.cc(196)] [16:20:22.069] USB: usb_service_win.cc:105 SetupDiGetDeviceProperty({{A45C254E-DF1C-4EFD-8020-67D146A850E0}, 6}) failed: Element not found. (0x490)
[46720:10952:0227/164254.253:ERROR:device_event_log_impl.cc(196)] [16:42:53.985] USB: usb_service_win.cc:105 SetupDiGetDeviceProperty({{A45C254E-DF1C-4EFD-8020-67D146A850E0}, 6}) failed: Element not found. (0x490)
[47140:44648:0227/164256.552:VERBOSE1:capture_resolution_chooser.cc(205)] Recomputed snapped frame sizes: 1x1
[47140:44648:0227/164256.873:VERBOSE1:capture_resolution_chooser.cc(205)] Recomputed snapped frame sizes: 2x2
[47140:44648:0227/164256.873:VERBOSE1:capture_resolution_chooser.cc(157)] Recomputed capture size from 1x1 to 2x2 (100% of ideal size)
[46720:10952:0227/164258.438:ERROR:device_event_log_impl.cc(196)] [16:42:57.908] USB: usb_service_win.cc:105 SetupDiGetDeviceProperty({{A45C254E-DF1C-4EFD-8020-67D146A850E0}, 6}) failed: Element not found. (0x490)
[47140:44648:0227/164258.497:VERBOSE1:capture_resolution_chooser.cc(205)] Recomputed snapped frame sizes: 2x2
[47140:44648:0227/164258.778:VERBOSE1:capture_resolution_chooser.cc(205)] Recomputed snapped frame sizes: 1x1
[47140:44648:0227/164258.778:VERBOSE1:capture_resolution_chooser.cc(157)] Recomputed capture size from 2x2 to 1x1 (100% of ideal size)
[46720:10952:0227/164921.392:ERROR:device_event_log_impl.cc(196)] [16:49:21.389] USB: usb_service_win.cc:105 SetupDiGetDeviceProperty({{A45C254E-DF1C-4EFD-8020-67D146A850E0}, 6}) failed: Element not found. (0x490)
[47140:44648:0227/164923.142:VERBOSE1:capture_resolution_chooser.cc(205)] Recomputed snapped frame sizes: 1x1
[47140:44648:0227/164924.562:VERBOSE1:capture_resolution_chooser.cc(205)] Recomputed snapped frame sizes: 2x2
[47140:44648:0227/164924.562:VERBOSE1:capture_resolution_chooser.cc(157)] Recomputed capture size from 1x1 to 2x2 (100% of ideal size)
[47140:44648:0227/164924.930:VERBOSE1:capture_resolution_chooser.cc(205)] Recomputed snapped frame sizes: 2x2
[46720:10952:0227/164925.214:ERROR:device_event_log_impl.cc(196)] [16:49:24.679] USB: usb_service_win.cc:105 SetupDiGetDeviceProperty({{A45C254E-DF1C-4EFD-8020-67D146A850E0}, 6}) failed: Element not found. (0x490)
[47140:44648:0227/164925.217:VERBOSE1:capture_resolution_chooser.cc(205)] Recomputed snapped frame sizes: 1x1
[47140:44648:0227/164925.217:VERBOSE1:capture_resolution_chooser.cc(157)] Recomputed capture size from 2x2 to 1x1 (100% of ideal size)
[46720:10952:0227/170306.048:ERROR:device_event_log_impl.cc(196)] [17:03:05.760] USB: usb_service_win.cc:105 SetupDiGetDeviceProperty({{A45C254E-DF1C-4EFD-8020-67D146A850E0}, 6}) failed: Element not found. (0x490)
[46720:10952:0227/170604.516:WARNING:pref_notifier_impl.cc(41)] Pref observer for media_router.cast_allow_all_ips found at shutdown.
